<?xml version="1.0" encoding="UTF-8" ?>
<testsuite failures="0" time="0.458" errors="0" skipped="0" tests="75" name="net.sourceforge.pmd.stat.StatisticalRuleTest">
  <properties>
    <property name="java.runtime.name" value="Java(TM) SE Runtime Environment"/>
    <property name="sun.boot.library.path" value="C:\Program Files\Java\jre7\bin"/>
    <property name="java.vm.version" value="24.45-b08"/>
    <property name="java.vm.vendor" value="Oracle Corporation"/>
    <property name="java.vendor.url" value="http://java.oracle.com/"/>
    <property name="path.separator" value=";"/>
    <property name="guice.disable.misplaced.annotation.check" value="true"/>
    <property name="java.vm.name" value="Java HotSpot(TM) 64-Bit Server VM"/>
    <property name="file.encoding.pkg" value="sun.io"/>
    <property name="user.script" value=""/>
    <property name="user.country" value="FR"/>
    <property name="sun.java.launcher" value="SUN_STANDARD"/>
    <property name="sun.os.patch.level" value=""/>
    <property name="java.vm.specification.name" value="Java Virtual Machine Specification"/>
    <property name="user.dir" value="C:\Users\FAC\Documents\tp3V-V\pmd"/>
    <property name="java.runtime.version" value="1.7.0_45-b18"/>
    <property name="java.awt.graphicsenv" value="sun.awt.Win32GraphicsEnvironment"/>
    <property name="java.endorsed.dirs" value="C:\Program Files\Java\jre7\lib\endorsed"/>
    <property name="os.arch" value="amd64"/>
    <property name="java.io.tmpdir" value="C:\Users\FAC\AppData\Local\Temp\"/>
    <property name="line.separator" value="
"/>
    <property name="java.vm.specification.vendor" value="Oracle Corporation"/>
    <property name="user.variant" value=""/>
    <property name="os.name" value="Windows 8"/>
    <property name="classworlds.conf" value="C:\Users\FAC\Documents\.metadata\.plugins\org.eclipse.m2e.launching\launches\m2conf697308125690554658.tmp"/>
    <property name="sun.jnu.encoding" value="Cp1252"/>
    <property name="java.library.path" value="C:\Program Files\Java\jre7\bin;C:\Windows\Sun\Java\bin;C:\Windows\system32;C:\Windows;C:\Windows\system32;C:\Windows;C:\Windows\System32\Wbem;C:\Windows\System32\WindowsPowerShell\v1.0\;C:\Program Files\Java\jre7;C:\Program Files\Java\jre7\bin;C:\Program Files\Java\jre7\lib;."/>
    <property name="java.specification.name" value="Java Platform API Specification"/>
    <property name="java.class.version" value="51.0"/>
    <property name="sun.management.compiler" value="HotSpot 64-Bit Tiered Compilers"/>
    <property name="os.version" value="6.2"/>
    <property name="user.home" value="C:\Users\FAC"/>
    <property name="user.timezone" value="Europe/Paris"/>
    <property name="java.awt.printerjob" value="sun.awt.windows.WPrinterJob"/>
    <property name="java.specification.version" value="1.7"/>
    <property name="file.encoding" value="Cp1252"/>
    <property name="user.name" value="FAC"/>
    <property name="java.class.path" value="/C:/Program Files/eclipse/configuration/org.eclipse.osgi/bundles/267/1/.cp/jars/plexus-classworlds-2.4.jar"/>
    <property name="java.vm.specification.version" value="1.7"/>
    <property name="sun.arch.data.model" value="64"/>
    <property name="java.home" value="C:\Program Files\Java\jre7"/>
    <property name="sun.java.command" value="org.codehaus.plexus.classworlds.launcher.Launcher -B prepare-package"/>
    <property name="java.specification.vendor" value="Oracle Corporation"/>
    <property name="user.language" value="fr"/>
    <property name="awt.toolkit" value="sun.awt.windows.WToolkit"/>
    <property name="java.vm.info" value="mixed mode"/>
    <property name="java.version" value="1.7.0_45"/>
    <property name="java.ext.dirs" value="C:\Program Files\Java\jre7\lib\ext;C:\Windows\Sun\Java\lib\ext"/>
    <property name="sun.boot.class.path" value="C:\Program Files\Java\jre7\lib\resources.jar;C:\Program Files\Java\jre7\lib\rt.jar;C:\Program Files\Java\jre7\lib\sunrsasign.jar;C:\Program Files\Java\jre7\lib\jsse.jar;C:\Program Files\Java\jre7\lib\jce.jar;C:\Program Files\Java\jre7\lib\charsets.jar;C:\Program Files\Java\jre7\lib\jfr.jar;C:\Program Files\Java\jre7\classes"/>
    <property name="java.vendor" value="Oracle Corporation"/>
    <property name="maven.home" value="C:\Users\FAC\Documents\tp3V-V\pmd\EMBEDDED"/>
    <property name="file.separator" value="\"/>
    <property name="java.vendor.url.bug" value="http://bugreport.sun.com/bugreport/"/>
    <property name="maven.bootclasspath" value="/C:/Program Files/eclipse/configuration/org.eclipse.osgi/bundles/267/1/.cp/jars/plexus-classworlds-2.4.jar"/>
    <property name="sun.cpu.endian" value="little"/>
    <property name="sun.io.unicode.encoding" value="UnicodeLittle"/>
    <property name="sun.desktop" value="windows"/>
    <property name="sun.cpu.isalist" value="amd64"/>
  </properties>
  <testcase time="0.007" classname="net.sourceforge.pmd.stat.StatisticalRuleTest" name="testMetrics"/>
  <testcase time="0.007" classname="net.sourceforge.pmd.stat.StatisticalRuleTest" name="testS3"/>
  <testcase time="0.004" classname="net.sourceforge.pmd.stat.StatisticalRuleTest" name="testS5"/>
  <testcase time="0.006" classname="net.sourceforge.pmd.stat.StatisticalRuleTest" name="testT"/>
  <testcase time="0.005" classname="net.sourceforge.pmd.stat.StatisticalRuleTest" name="testS1"/>
  <testcase time="0.005" classname="net.sourceforge.pmd.stat.StatisticalRuleTest" name="testS4"/>
  <testcase time="0.005" classname="net.sourceforge.pmd.stat.StatisticalRuleTest" name="testS"/>
  <testcase time="0.006" classname="net.sourceforge.pmd.stat.StatisticalRuleTest" name="testS2"/>
  <testcase time="0.007" classname="net.sourceforge.pmd.stat.StatisticalRuleTest" name="testT1"/>
  <testcase time="0.006" classname="net.sourceforge.pmd.stat.StatisticalRuleTest" name="testT2"/>
  <testcase time="0.01" classname="net.sourceforge.pmd.stat.StatisticalRuleTest" name="testT3"/>
  <testcase time="0.018" classname="net.sourceforge.pmd.stat.StatisticalRuleTest" name="testT4"/>
  <testcase time="0.007" classname="net.sourceforge.pmd.stat.StatisticalRuleTest" name="testMS3"/>
  <testcase time="0.006" classname="net.sourceforge.pmd.stat.StatisticalRuleTest" name="testST4"/>
  <testcase time="0.005" classname="net.sourceforge.pmd.stat.StatisticalRuleTest" name="testSTM1"/>
  <testcase time="0.006" classname="net.sourceforge.pmd.stat.StatisticalRuleTest" name="testSTM3"/>
  <testcase time="0.006" classname="net.sourceforge.pmd.stat.StatisticalRuleTest" name="testSMT2"/>
  <testcase time="0.006" classname="net.sourceforge.pmd.stat.StatisticalRuleTest" name="testMS4"/>
  <testcase time="0.006" classname="net.sourceforge.pmd.stat.StatisticalRuleTest" name="testSMT3"/>
  <testcase time="0.007" classname="net.sourceforge.pmd.stat.StatisticalRuleTest" name="testMT3"/>
  <testcase time="0.006" classname="net.sourceforge.pmd.stat.StatisticalRuleTest" name="testSMT5"/>
  <testcase time="0.006" classname="net.sourceforge.pmd.stat.StatisticalRuleTest" name="testM4"/>
  <testcase time="0.006" classname="net.sourceforge.pmd.stat.StatisticalRuleTest" name="testTM1"/>
  <testcase time="0.006" classname="net.sourceforge.pmd.stat.StatisticalRuleTest" name="testSTM5"/>
  <testcase time="0.005" classname="net.sourceforge.pmd.stat.StatisticalRuleTest" name="testTS"/>
  <testcase time="0.008" classname="net.sourceforge.pmd.stat.StatisticalRuleTest" name="testM"/>
  <testcase time="0.011" classname="net.sourceforge.pmd.stat.StatisticalRuleTest" name="testM5"/>
  <testcase time="0.012" classname="net.sourceforge.pmd.stat.StatisticalRuleTest" name="testTS5"/>
  <testcase time="0.011" classname="net.sourceforge.pmd.stat.StatisticalRuleTest" name="testSMT4"/>
  <testcase time="0.009" classname="net.sourceforge.pmd.stat.StatisticalRuleTest" name="testSTM"/>
  <testcase time="0.01" classname="net.sourceforge.pmd.stat.StatisticalRuleTest" name="testTM"/>
  <testcase time="0.011" classname="net.sourceforge.pmd.stat.StatisticalRuleTest" name="testTM3"/>
  <testcase time="0.013" classname="net.sourceforge.pmd.stat.StatisticalRuleTest" name="testM1"/>
  <testcase time="0.012" classname="net.sourceforge.pmd.stat.StatisticalRuleTest" name="testST3"/>
  <testcase time="0.011" classname="net.sourceforge.pmd.stat.StatisticalRuleTest" name="testTS1"/>
  <testcase time="0.01" classname="net.sourceforge.pmd.stat.StatisticalRuleTest" name="testMT"/>
  <testcase time="0.014" classname="net.sourceforge.pmd.stat.StatisticalRuleTest" name="testMT4"/>
  <testcase time="0.006" classname="net.sourceforge.pmd.stat.StatisticalRuleTest" name="testM3"/>
  <testcase time="0.005" classname="net.sourceforge.pmd.stat.StatisticalRuleTest" name="testTM5"/>
  <testcase time="0.005" classname="net.sourceforge.pmd.stat.StatisticalRuleTest" name="testTMS"/>
  <testcase time="0.006" classname="net.sourceforge.pmd.stat.StatisticalRuleTest" name="testTM2"/>
  <testcase time="0.006" classname="net.sourceforge.pmd.stat.StatisticalRuleTest" name="testSM5"/>
  <testcase time="0.005" classname="net.sourceforge.pmd.stat.StatisticalRuleTest" name="testTM4"/>
  <testcase time="0.006" classname="net.sourceforge.pmd.stat.StatisticalRuleTest" name="testMT5"/>
  <testcase time="0.005" classname="net.sourceforge.pmd.stat.StatisticalRuleTest" name="testSTM4"/>
  <testcase time="0.006" classname="net.sourceforge.pmd.stat.StatisticalRuleTest" name="testSMT1"/>
  <testcase time="0.006" classname="net.sourceforge.pmd.stat.StatisticalRuleTest" name="testMS5"/>
  <testcase time="0.006" classname="net.sourceforge.pmd.stat.StatisticalRuleTest" name="testTMS1"/>
  <testcase time="0.005" classname="net.sourceforge.pmd.stat.StatisticalRuleTest" name="testTMS2"/>
  <testcase time="0.004" classname="net.sourceforge.pmd.stat.StatisticalRuleTest" name="testTS2"/>
  <testcase time="0.002" classname="net.sourceforge.pmd.stat.StatisticalRuleTest" name="testST1"/>
  <testcase time="0.003" classname="net.sourceforge.pmd.stat.StatisticalRuleTest" name="testM2"/>
  <testcase time="0.006" classname="net.sourceforge.pmd.stat.StatisticalRuleTest" name="testST2"/>
  <testcase time="0.002" classname="net.sourceforge.pmd.stat.StatisticalRuleTest" name="testTS3"/>
  <testcase time="0.003" classname="net.sourceforge.pmd.stat.StatisticalRuleTest" name="testST5"/>
  <testcase time="0.003" classname="net.sourceforge.pmd.stat.StatisticalRuleTest" name="testTS4"/>
  <testcase time="0.003" classname="net.sourceforge.pmd.stat.StatisticalRuleTest" name="testSM1"/>
  <testcase time="0.003" classname="net.sourceforge.pmd.stat.StatisticalRuleTest" name="testSM4"/>
  <testcase time="0.003" classname="net.sourceforge.pmd.stat.StatisticalRuleTest" name="testMS2"/>
  <testcase time="0.003" classname="net.sourceforge.pmd.stat.StatisticalRuleTest" name="testSTM2"/>
  <testcase time="0.003" classname="net.sourceforge.pmd.stat.StatisticalRuleTest" name="testMT1"/>
  <testcase time="0.003" classname="net.sourceforge.pmd.stat.StatisticalRuleTest" name="testSM"/>
  <testcase time="0.003" classname="net.sourceforge.pmd.stat.StatisticalRuleTest" name="testSM3"/>
  <testcase time="0.003" classname="net.sourceforge.pmd.stat.StatisticalRuleTest" name="testMS1"/>
  <testcase time="0.004" classname="net.sourceforge.pmd.stat.StatisticalRuleTest" name="testT5"/>
  <testcase time="0.003" classname="net.sourceforge.pmd.stat.StatisticalRuleTest" name="testMT2"/>
  <testcase time="0.003" classname="net.sourceforge.pmd.stat.StatisticalRuleTest" name="testSMT"/>
  <testcase time="0.003" classname="net.sourceforge.pmd.stat.StatisticalRuleTest" name="testST"/>
  <testcase time="0.006" classname="net.sourceforge.pmd.stat.StatisticalRuleTest" name="testMS"/>
  <testcase time="0.006" classname="net.sourceforge.pmd.stat.StatisticalRuleTest" name="testSM2"/>
  <testcase time="0.006" classname="net.sourceforge.pmd.stat.StatisticalRuleTest" name="testTMS4"/>
  <testcase time="0.005" classname="net.sourceforge.pmd.stat.StatisticalRuleTest" name="testTMS3"/>
  <testcase time="0.005" classname="net.sourceforge.pmd.stat.StatisticalRuleTest" name="testTMS5"/>
  <testcase time="0.003" classname="net.sourceforge.pmd.stat.StatisticalRuleTest" name="testExpectedMinimum"/>
  <testcase time="0.004" classname="net.sourceforge.pmd.stat.StatisticalRuleTest" name="testSingleDatapoint"/>
</testsuite>